Replace Part BR1 BRIDGE in C:\Documents\Altium\Projects\US_Driver\US_Driver.SchDoc with BRIDGE from Common.IntLib
Replace Part BR2 BRIDGE_Circle in C:\Documents\Altium\Projects\US_Driver\US_Driver.SchDoc with BRIDGE_Circle from Common.IntLib
Replace Part C1 Cap Pol3 in C:\Documents\Altium\Projects\US_Driver\US_Driver.SchDoc with Cap Pol3 from Miscellaneous Devices.IntLib
Replace Part C2 Cap Pol3 in C:\Documents\Altium\Projects\US_Driver\US_Driver.SchDoc with Cap Pol3 from Miscellaneous Devices.IntLib
Replace Part C3 Cap Pol3 in C:\Documents\Altium\Projects\US_Driver\US_Driver.SchDoc with Cap Pol3 from Miscellaneous Devices.IntLib
Replace Part C4 Cap Pol3 in C:\Documents\Altium\Projects\US_Driver\US_Driver.SchDoc with Cap Pol3 from Miscellaneous Devices.IntLib
Replace Part C5 Cap Semi in C:\Documents\Altium\Projects\US_Driver\US_Driver.SchDoc with Cap Semi from Miscellaneous Devices.IntLib
Replace Part C6 Cap Pol3 in C:\Documents\Altium\Projects\US_Driver\US_Driver.SchDoc with Cap Pol3 from Miscellaneous Devices.IntLib
Replace Part C7 Cap Pol3 in C:\Documents\Altium\Projects\US_Driver\US_Driver.SchDoc with Cap Pol3 from Miscellaneous Devices.IntLib
Replace Part C8 Cap Pol1 in C:\Documents\Altium\Projects\US_Driver\US_Driver.SchDoc with Cap Pol1 from Miscellaneous Devices.IntLib
Replace Part C9 Cap Pol1 in C:\Documents\Altium\Projects\US_Driver\US_Driver.SchDoc with Cap Pol1 from Miscellaneous Devices.IntLib
Replace Part C10 Cap Semi in C:\Documents\Altium\Projects\US_Driver\US_Driver.SchDoc with Cap Semi from Miscellaneous Devices.IntLib
Replace Part C11 Cap Pol1 in C:\Documents\Altium\Projects\US_Driver\US_Driver.SchDoc with Cap Pol1 from Miscellaneous Devices.IntLib
Replace Part C12 Cap Pol1 in C:\Documents\Altium\Projects\US_Driver\US_Driver.SchDoc with Cap Pol1 from Miscellaneous Devices.IntLib
Replace Part C13 Cap Pol1 in C:\Documents\Altium\Projects\US_Driver\US_Driver.SchDoc with Cap Pol1 from Miscellaneous Devices.IntLib
Replace Part C14 Cap Semi in C:\Documents\Altium\Projects\US_Driver\US_Driver.SchDoc with Cap Semi from Miscellaneous Devices.IntLib
Replace Part C15 Cap in C:\Documents\Altium\Projects\US_Driver\US_Driver.SchDoc with Cap from Miscellaneous Devices.IntLib
Replace Part C16 Cap in C:\Documents\Altium\Projects\US_Driver\US_Driver.SchDoc with Cap from Miscellaneous Devices.IntLib
Replace Part C17 Cap Pol1 in C:\Documents\Altium\Projects\US_Driver\US_Driver.SchDoc with Cap Pol1 from Miscellaneous Devices.IntLib
Replace Part C18 Cap in C:\Documents\Altium\Projects\US_Driver\US_Driver.SchDoc with Cap from Miscellaneous Devices.IntLib
Replace Part C19 Cap Pol1 in C:\Documents\Altium\Projects\US_Driver\US_Driver.SchDoc with Cap Pol1 from Miscellaneous Devices.IntLib
Replace Part C20 Cap Semi in C:\Documents\Altium\Projects\US_Driver\US_Driver.SchDoc with Cap Semi from Miscellaneous Devices.IntLib
Replace Part C21 Cap Pol1 in C:\Documents\Altium\Projects\US_Driver\US_Driver.SchDoc with Cap Pol1 from Miscellaneous Devices.IntLib
Replace Part C22 Cap in C:\Documents\Altium\Projects\US_Driver\US_Driver.SchDoc with Cap from Miscellaneous Devices.IntLib
Replace Part C23 Cap in C:\Documents\Altium\Projects\US_Driver\US_Driver.SchDoc with Cap from Miscellaneous Devices.IntLib
Replace Part C24 Cap Pol1 in C:\Documents\Altium\Projects\US_Driver\US_Driver.SchDoc with Cap Pol1 from Miscellaneous Devices.IntLib
Replace Part D1 Diode 1N4007 in C:\Documents\Altium\Projects\US_Driver\US_Driver.SchDoc with Diode 1N4007 from Miscellaneous Devices.IntLib
Replace Part D2 Diode 1N4007 in C:\Documents\Altium\Projects\US_Driver\US_Driver.SchDoc with Diode 1N4007 from Miscellaneous Devices.IntLib
Replace Part D3 Diode 1N4007 in C:\Documents\Altium\Projects\US_Driver\US_Driver.SchDoc with Diode 1N4007 from Miscellaneous Devices.IntLib
Replace Part D4 Diode 1N4007 in C:\Documents\Altium\Projects\US_Driver\US_Driver.SchDoc with Diode 1N4007 from Miscellaneous Devices.IntLib
Replace Part D5 Diode 1N4007 in C:\Documents\Altium\Projects\US_Driver\US_Driver.SchDoc with Diode 1N4007 from Miscellaneous Devices.IntLib
Replace Part D6 Diode 1N4007 in C:\Documents\Altium\Projects\US_Driver\US_Driver.SchDoc with Diode 1N4007 from Miscellaneous Devices.IntLib
Replace Part L1 Inductor in C:\Documents\Altium\Projects\US_Driver\US_Driver.SchDoc with Inductor from Miscellaneous Devices.IntLib
Replace Part L2 Inductor in C:\Documents\Altium\Projects\US_Driver\US_Driver.SchDoc with Inductor from Miscellaneous Devices.IntLib
Replace Part L3 Inductor in C:\Documents\Altium\Projects\US_Driver\US_Driver.SchDoc with Inductor from Miscellaneous Devices.IntLib
Replace Part LED1 LED1 in C:\Documents\Altium\Projects\US_Driver\US_Driver.SchDoc with LED1 from Miscellaneous Devices.IntLib
Replace Part P1 Header 3 in C:\Documents\Altium\Projects\US_Driver\US_Driver.SchDoc with Header 3 from Miscellaneous Connectors.IntLib
Replace Part P2 Header 4X2A in C:\Documents\Altium\Projects\US_Driver\US_Driver.SchDoc with Header 4X2A from Miscellaneous Connectors.IntLib
Replace Part P3 Header 3 in C:\Documents\Altium\Projects\US_Driver\US_Driver.SchDoc with Header 3 from Miscellaneous Connectors.IntLib
Replace Part P4 …¢»»∆¨ in C:\Documents\Altium\Projects\US_Driver\US_Driver.SchDoc with …¢»»∆¨ from Common.IntLib
Replace Part P5 …¢»»∆¨ in C:\Documents\Altium\Projects\US_Driver\US_Driver.SchDoc with …¢»»∆¨ from Common.IntLib
Replace Part P6 …¢»»∆¨ in C:\Documents\Altium\Projects\US_Driver\US_Driver.SchDoc with …¢»»∆¨ from Common.IntLib
Replace Part P7 …¢»»∆¨ in C:\Documents\Altium\Projects\US_Driver\US_Driver.SchDoc with …¢»»∆¨ from Common.IntLib
Replace Part Q1 MOSFET-N in C:\Documents\Altium\Projects\US_Driver\US_Driver.SchDoc with MOSFET-N from Miscellaneous Devices.IntLib
Replace Part Q2 MOSFET-N in C:\Documents\Altium\Projects\US_Driver\US_Driver.SchDoc with MOSFET-N from Miscellaneous Devices.IntLib
Replace Part Q3 MOSFET-N in C:\Documents\Altium\Projects\US_Driver\US_Driver.SchDoc with MOSFET-N from Miscellaneous Devices.IntLib
Replace Part Q4 MOSFET-N in C:\Documents\Altium\Projects\US_Driver\US_Driver.SchDoc with MOSFET-N from Miscellaneous Devices.IntLib
Replace Part R1 Res2 in C:\Documents\Altium\Projects\US_Driver\US_Driver.SchDoc with Res2 from Miscellaneous Devices.IntLib
Replace Part R2 Res2 in C:\Documents\Altium\Projects\US_Driver\US_Driver.SchDoc with Res2 from Miscellaneous Devices.IntLib
Replace Part R3 Res2 in C:\Documents\Altium\Projects\US_Driver\US_Driver.SchDoc with Res2 from Miscellaneous Devices.IntLib
Replace Part R4 Res2 in C:\Documents\Altium\Projects\US_Driver\US_Driver.SchDoc with Res2 from Miscellaneous Devices.IntLib
Replace Part R5 Res2 in C:\Documents\Altium\Projects\US_Driver\US_Driver.SchDoc with Res2 from Miscellaneous Devices.IntLib
Replace Part R6 Res2 in C:\Documents\Altium\Projects\US_Driver\US_Driver.SchDoc with Res2 from Miscellaneous Devices.IntLib
Replace Part R7 Res2 in C:\Documents\Altium\Projects\US_Driver\US_Driver.SchDoc with Res2 from Miscellaneous Devices.IntLib
Replace Part R8 Res2 in C:\Documents\Altium\Projects\US_Driver\US_Driver.SchDoc with Res2 from Miscellaneous Devices.IntLib
Replace Part R9 Res2 in C:\Documents\Altium\Projects\US_Driver\US_Driver.SchDoc with Res2 from Miscellaneous Devices.IntLib
Replace Part R10 Res2 in C:\Documents\Altium\Projects\US_Driver\US_Driver.SchDoc with Res2 from Miscellaneous Devices.IntLib
Replace Part R11 Res2 in C:\Documents\Altium\Projects\US_Driver\US_Driver.SchDoc with Res2 from Miscellaneous Devices.IntLib
Replace Part R12 Res2 in C:\Documents\Altium\Projects\US_Driver\US_Driver.SchDoc with Res2 from Miscellaneous Devices.IntLib
Replace Part R13 Res2 in C:\Documents\Altium\Projects\US_Driver\US_Driver.SchDoc with Res2 from Miscellaneous Devices.IntLib
Replace Part R14 Res2 in C:\Documents\Altium\Projects\US_Driver\US_Driver.SchDoc with Res2 from Miscellaneous Devices.IntLib
Replace Part U1 IR2110 in C:\Documents\Altium\Projects\US_Driver\US_Driver.SchDoc with IR2110 from Common.IntLib
Replace Part U2 IR2110 in C:\Documents\Altium\Projects\US_Driver\US_Driver.SchDoc with IR2110 from Common.IntLib
Replace Part U5 AMS1117-3.3 in C:\Documents\Altium\Projects\US_Driver\US_Driver.SchDoc with AMS1117-3.3 from Common.IntLib
