Added Component: Designator=C1(0603R)
Added Component: Designator=C2(0603R)
Added Component: Designator=C5(0603R)
Added Component: Designator=C6(0603R)
Added Component: Designator=C7(0603R)
Added Component: Designator=C8(0603R)
Added Component: Designator=C9(0603R)
Added Component: Designator=C10(0603R)
Added Component: Designator=C11(0603R)
Added Component: Designator=C12(0603R)
Added Component: Designator=C13(0603R)
Added Component: Designator=C14(0603R)
Added Component: Designator=C15(0603R)
Added Component: Designator=C16(0603R)
Added Component: Designator=C17(0603R)
Added Component: Designator=C18(0603R)
Added Component: Designator=C19(0603R)
Added Component: Designator=C20(0603R)
Added Component: Designator=C21(0603R)
Added Component: Designator=D1(0805D)
Added Component: Designator=D2(0805D)
Added Component: Designator=D3(0805D)
Added Component: Designator=D4(0805D)
Added Component: Designator=g1(HOLE_3MM-2)
Added Component: Designator=g2(HOLE_3MM-2)
Added Component: Designator=g3(HOLE_3MM-2)
Added Component: Designator=g4(HOLE_3MM-2)
Added Component: Designator=J1(HDR1X3)
Added Component: Designator=J2(BleMicro)
Added Component: Designator=J3(SRF02)
Added Component: Designator=J4(HDR1X3)
Added Component: Designator=L1(6-0805_N)
Added Component: Designator=P1(HDR2X5)
Added Component: Designator=P2(HDR1X2)
Added Component: Designator=P8(HDR1X5)
Added Component: Designator=P9(HDR1X5)
Added Component: Designator=P10(HDR1X4)
Added Component: Designator=P11(HDR1X4)
Added Component: Designator=P12(HDR1X4)
Added Component: Designator=P13(HDR1X4)
Added Component: Designator=P14(HDR1X4)
Added Component: Designator=P15(HDR1X4)
Added Component: Designator=P16(HDR1X4)
Added Component: Designator=P17(HDR1X4)
Added Component: Designator=R0(0603R)
Added Component: Designator=R1(0603R)
Added Component: Designator=R2(0603R)
Added Component: Designator=R3(0603R)
Added Component: Designator=R4(0603R)
Added Component: Designator=R5(0603R)
Added Component: Designator=R6(0603R)
Added Component: Designator=R7(0603R)
Added Component: Designator=R8(0603R)
Added Component: Designator=R9(0603R)
Added Component: Designator=R10(0603R)
Added Component: Designator=R11(0603R)
Added Component: Designator=R15(0603R)
Added Component: Designator=R16(0603R)
Added Component: Designator=R17(0603R)
Added Component: Designator=R18(0603R)
Added Component: Designator=R19(0603R)
Added Component: Designator=R20(0603R)
Added Component: Designator=R21(0603R)
Added Component: Designator=R22(0603R)
Added Component: Designator=R23(0603R)
Added Component: Designator=R24(0603R)
Added Component: Designator=R25(0603R)
Added Component: Designator=R26(0603R)
Added Component: Designator=R27(0603R)
Added Component: Designator=R28(0603R)
Added Component: Designator=S1(SW-SOT3*6)
Added Component: Designator=S2(SW-SOT3*6)
Added Component: Designator=S3(×ÔËø¿ª¹Ø-5.8*5.8)
Added Component: Designator=U1(LQFP48)
Added Component: Designator=U2(TPS73XX-8)
Added Component: Designator=U3(LCC24)
Added Component: Designator=U4(LCC8)
Added Component: Designator=U5(TPS73XX-8)
Added Component: Designator=U6(TPS73XX-8)
Added Component: Designator=USB1(MICROUSB_D2S6)
Added Component: Designator=Y1(OSC_3X8d)
Added Component: Designator=Y2(XTAL-HC49S)
Added Pin To Net: NetName=3.3V Pin=C2-1
Added Pin To Net: NetName=3.3V Pin=C5-1
Added Pin To Net: NetName=3.3V Pin=C6-1
Added Pin To Net: NetName=3.3V Pin=C7-1
Added Pin To Net: NetName=3.3V Pin=C8-1
Added Pin To Net: NetName=3.3V Pin=C18-1
Added Pin To Net: NetName=3.3V Pin=C20-1
Added Pin To Net: NetName=3.3V Pin=C21-1
Added Pin To Net: NetName=3.3V Pin=D2-1
Added Pin To Net: NetName=3.3V Pin=D3-1
Added Pin To Net: NetName=3.3V Pin=D4-1
Added Pin To Net: NetName=3.3V Pin=J1-1
Added Pin To Net: NetName=3.3V Pin=J2-6
Added Pin To Net: NetName=3.3V Pin=J3-1
Added Pin To Net: NetName=3.3V Pin=L1-1
Added Pin To Net: NetName=3.3V Pin=P1-1
Added Pin To Net: NetName=3.3V Pin=P8-1
Added Pin To Net: NetName=3.3V Pin=P8-2
Added Pin To Net: NetName=3.3V Pin=P8-3
Added Pin To Net: NetName=3.3V Pin=P8-4
Added Pin To Net: NetName=3.3V Pin=P8-5
Added Pin To Net: NetName=3.3V Pin=R0-1
Added Pin To Net: NetName=3.3V Pin=R2-1
Added Pin To Net: NetName=3.3V Pin=R3-2
Added Pin To Net: NetName=3.3V Pin=R7-1
Added Pin To Net: NetName=3.3V Pin=R8-1
Added Pin To Net: NetName=3.3V Pin=R9-1
Added Pin To Net: NetName=3.3V Pin=R10-1
Added Pin To Net: NetName=3.3V Pin=R11-1
Added Pin To Net: NetName=3.3V Pin=R18-2
Added Pin To Net: NetName=3.3V Pin=R23-1
Added Pin To Net: NetName=3.3V Pin=R24-1
Added Pin To Net: NetName=3.3V Pin=U1-24
Added Pin To Net: NetName=3.3V Pin=U1-36
Added Pin To Net: NetName=3.3V Pin=U1-48
Added Pin To Net: NetName=3.3V Pin=U2-5
Added Pin To Net: NetName=3.3V Pin=U2-6
Added Pin To Net: NetName=3.3V Pin=U2-7
Added Pin To Net: NetName=3.3V Pin=U3-3
Added Pin To Net: NetName=3.3V Pin=U3-8
Added Pin To Net: NetName=3.3V Pin=U3-13
Added Pin To Net: NetName=3.3V Pin=U4-1
Added Pin To Net: NetName=3.3V Pin=U4-2
Added Net: Name=3.3V
Added Pin To Net: NetName=5V_USB Pin=S3-1
Added Pin To Net: NetName=5V_USB Pin=S3-6
Added Pin To Net: NetName=5V_USB Pin=USB1-1
Added Net: Name=5V_USB
Added Pin To Net: NetName=A0 Pin=R25-1
Added Pin To Net: NetName=A0 Pin=U1-10
Added Pin To Net: NetName=A0 Pin=U5-2
Added Net: Name=A0
Added Pin To Net: NetName=A1 Pin=R27-1
Added Pin To Net: NetName=A1 Pin=U1-11
Added Pin To Net: NetName=A1 Pin=U5-4
Added Net: Name=A1
Added Pin To Net: NetName=A2 Pin=R26-2
Added Pin To Net: NetName=A2 Pin=U1-12
Added Pin To Net: NetName=A2 Pin=U6-2
Added Net: Name=A2
Added Pin To Net: NetName=A3 Pin=R28-2
Added Pin To Net: NetName=A3 Pin=U1-13
Added Pin To Net: NetName=A3 Pin=U6-4
Added Net: Name=A3
Added Pin To Net: NetName=A4 Pin=U1-14
Added Net: Name=A4
Added Pin To Net: NetName=A5 Pin=U1-15
Added Net: Name=A5
Added Pin To Net: NetName=A6 Pin=U1-16
Added Net: Name=A6
Added Pin To Net: NetName=A7 Pin=U1-17
Added Net: Name=A7
Added Pin To Net: NetName=A8 Pin=U1-29
Added Net: Name=A8
Added Pin To Net: NetName=A11 Pin=U1-32
Added Net: Name=A11
Added Pin To Net: NetName=A12 Pin=U1-33
Added Net: Name=A12
Added Pin To Net: NetName=A13 Pin=P1-2
Added Pin To Net: NetName=A13 Pin=R9-2
Added Pin To Net: NetName=A13 Pin=U1-34
Added Net: Name=A13
Added Pin To Net: NetName=A14 Pin=P1-4
Added Pin To Net: NetName=A14 Pin=R10-2
Added Pin To Net: NetName=A14 Pin=U1-37
Added Net: Name=A14
Added Pin To Net: NetName=A15 Pin=P1-8
Added Pin To Net: NetName=A15 Pin=R11-2
Added Pin To Net: NetName=A15 Pin=U1-38
Added Net: Name=A15
Added Pin To Net: NetName=B1 Pin=U1-19
Added Net: Name=B1
Added Pin To Net: NetName=B3 Pin=P1-6
Added Pin To Net: NetName=B3 Pin=R7-2
Added Pin To Net: NetName=B3 Pin=U1-39
Added Net: Name=B3
Added Pin To Net: NetName=B4 Pin=P1-9
Added Pin To Net: NetName=B4 Pin=R8-2
Added Pin To Net: NetName=B4 Pin=U1-40
Added Net: Name=B4
Added Pin To Net: NetName=B8 Pin=U1-45
Added Net: Name=B8
Added Pin To Net: NetName=B9 Pin=U1-46
Added Net: Name=B9
Added Pin To Net: NetName=B10 Pin=U1-21
Added Net: Name=B10
Added Pin To Net: NetName=B11 Pin=U1-22
Added Net: Name=B11
Added Pin To Net: NetName=B12 Pin=U1-25
Added Net: Name=B12
Added Pin To Net: NetName=B13 Pin=U1-26
Added Net: Name=B13
Added Pin To Net: NetName=B14 Pin=U1-27
Added Net: Name=B14
Added Pin To Net: NetName=B15 Pin=U1-28
Added Net: Name=B15
Added Pin To Net: NetName=BLEP0.0 Pin=J2-23
Added Net: Name=BLEP0.0
Added Pin To Net: NetName=BLEP0.1 Pin=J2-22
Added Net: Name=BLEP0.1
Added Pin To Net: NetName=BLEP0.4 Pin=J2-19
Added Net: Name=BLEP0.4
Added Pin To Net: NetName=BLEP0.5 Pin=J2-18
Added Net: Name=BLEP0.5
Added Pin To Net: NetName=BLEP0.6 Pin=J2-17
Added Net: Name=BLEP0.6
Added Pin To Net: NetName=BLEP0.7 Pin=J2-16
Added Pin To Net: NetName=BLEP0.7 Pin=R21-1
Added Net: Name=BLEP0.7
Added Pin To Net: NetName=BLEP1.0 Pin=J2-15
Added Pin To Net: NetName=BLEP1.0 Pin=R15-2
Added Net: Name=BLEP1.0
Added Pin To Net: NetName=BLEP1.1 Pin=J2-14
Added Net: Name=BLEP1.1
Added Pin To Net: NetName=BLEP1.2 Pin=J2-13
Added Pin To Net: NetName=BLEP1.2 Pin=R20-1
Added Net: Name=BLEP1.2
Added Pin To Net: NetName=BLEP1.3 Pin=J2-12
Added Pin To Net: NetName=BLEP1.3 Pin=R19-1
Added Net: Name=BLEP1.3
Added Pin To Net: NetName=BLEP1.4 Pin=J2-11
Added Pin To Net: NetName=BLEP1.4 Pin=R18-1
Added Pin To Net: NetName=BLEP1.4 Pin=S2-1
Added Net: Name=BLEP1.4
Added Pin To Net: NetName=BLEP1.5 Pin=J2-10
Added Net: Name=BLEP1.5
Added Pin To Net: NetName=BLEP1.6 Pin=J2-5
Added Net: Name=BLEP1.6
Added Pin To Net: NetName=BLEP1.7 Pin=J2-4
Added Net: Name=BLEP1.7
Added Pin To Net: NetName=BLEP2.0 Pin=J2-3
Added Net: Name=BLEP2.0
Added Pin To Net: NetName=BLEP2.1 Pin=J2-2
Added Net: Name=BLEP2.1
Added Pin To Net: NetName=BLEP2.2 Pin=J2-1
Added Net: Name=BLEP2.2
Added Pin To Net: NetName=BLERST Pin=J2-24
Added Net: Name=BLERST
Added Pin To Net: NetName=BLERX Pin=J2-21
Added Pin To Net: NetName=BLERX Pin=U1-30
Added Net: Name=BLERX
Added Pin To Net: NetName=BLESCL(D+) Pin=C16-1
Added Pin To Net: NetName=BLESCL(D+) Pin=J2-8
Added Pin To Net: NetName=BLESCL(D+) Pin=R16-2
Added Net: Name=BLESCL(D+)
Added Pin To Net: NetName=BLESDA(D-) Pin=C15-1
Added Pin To Net: NetName=BLESDA(D-) Pin=J2-9
Added Pin To Net: NetName=BLESDA(D-) Pin=R17-2
Added Net: Name=BLESDA(D-)
Added Pin To Net: NetName=BLETX Pin=J2-20
Added Pin To Net: NetName=BLETX Pin=U1-31
Added Net: Name=BLETX
Added Pin To Net: NetName=BOOT0 Pin=R5-2
Added Pin To Net: NetName=BOOT0 Pin=U1-44
Added Net: Name=BOOT0
Added Pin To Net: NetName=BOOT1 Pin=R6-2
Added Pin To Net: NetName=BOOT1 Pin=U1-20
Added Net: Name=BOOT1
Added Pin To Net: NetName=BUZZER Pin=U1-18
Added Net: Name=BUZZER
Added Pin To Net: NetName=C13 Pin=U1-2
Added Net: Name=C13
Added Pin To Net: NetName=GND Pin=C1-2
Added Pin To Net: NetName=GND Pin=C2-2
Added Pin To Net: NetName=GND Pin=C5-2
Added Pin To Net: NetName=GND Pin=C6-2
Added Pin To Net: NetName=GND Pin=C7-2
Added Pin To Net: NetName=GND Pin=C8-2
Added Pin To Net: NetName=GND Pin=C10-2
Added Pin To Net: NetName=GND Pin=C11-2
Added Pin To Net: NetName=GND Pin=C12-2
Added Pin To Net: NetName=GND Pin=C13-2
Added Pin To Net: NetName=GND Pin=C14-2
Added Pin To Net: NetName=GND Pin=C15-2
Added Pin To Net: NetName=GND Pin=C16-2
Added Pin To Net: NetName=GND Pin=C17-2
Added Pin To Net: NetName=GND Pin=C18-2
Added Pin To Net: NetName=GND Pin=C19-2
Added Pin To Net: NetName=GND Pin=C20-2
Added Pin To Net: NetName=GND Pin=D1-2
Added Pin To Net: NetName=GND Pin=J1-3
Added Pin To Net: NetName=GND Pin=J2-7
Added Pin To Net: NetName=GND Pin=J3-5
Added Pin To Net: NetName=GND Pin=J4-3
Added Pin To Net: NetName=GND Pin=P1-3
Added Pin To Net: NetName=GND Pin=P1-5
Added Pin To Net: NetName=GND Pin=P2-2
Added Pin To Net: NetName=GND Pin=P9-1
Added Pin To Net: NetName=GND Pin=P9-2
Added Pin To Net: NetName=GND Pin=P9-3
Added Pin To Net: NetName=GND Pin=P9-4
Added Pin To Net: NetName=GND Pin=P9-5
Added Pin To Net: NetName=GND Pin=P12-3
Added Pin To Net: NetName=GND Pin=P12-4
Added Pin To Net: NetName=GND Pin=P14-3
Added Pin To Net: NetName=GND Pin=P14-4
Added Pin To Net: NetName=GND Pin=P17-3
Added Pin To Net: NetName=GND Pin=P17-4
Added Pin To Net: NetName=GND Pin=R1-1
Added Pin To Net: NetName=GND Pin=R4-1
Added Pin To Net: NetName=GND Pin=R6-1
Added Pin To Net: NetName=GND Pin=R21-2
Added Pin To Net: NetName=GND Pin=R22-2
Added Pin To Net: NetName=GND Pin=S2-2
Added Pin To Net: NetName=GND Pin=U1-23
Added Pin To Net: NetName=GND Pin=U1-35
Added Pin To Net: NetName=GND Pin=U1-47
Added Pin To Net: NetName=GND Pin=U2-1
Added Pin To Net: NetName=GND Pin=U2-2
Added Pin To Net: NetName=GND Pin=U3-1
Added Pin To Net: NetName=GND Pin=U3-15
Added Pin To Net: NetName=GND Pin=U3-17
Added Pin To Net: NetName=GND Pin=U3-18
Added Pin To Net: NetName=GND Pin=U4-4
Added Pin To Net: NetName=GND Pin=U4-5
Added Pin To Net: NetName=GND Pin=U5-1
Added Pin To Net: NetName=GND Pin=U6-1
Added Pin To Net: NetName=GND Pin=USB1-4
Added Pin To Net: NetName=GND Pin=USB1-5
Added Pin To Net: NetName=GND Pin=USB1-6
Added Pin To Net: NetName=GND Pin=USB1-6
Added Pin To Net: NetName=GND Pin=USB1-6
Added Pin To Net: NetName=GND Pin=USB1-6
Added Pin To Net: NetName=GND Pin=USB1-6
Added Pin To Net: NetName=GND Pin=USB1-6
Added Pin To Net: NetName=GND Pin=USB1-6
Added Pin To Net: NetName=GND Pin=USB1-6
Added Pin To Net: NetName=GND Pin=USB1-6
Added Net: Name=GND
Added Pin To Net: NetName=MO1+ Pin=J4-2
Added Pin To Net: NetName=MO1+ Pin=P10-1
Added Pin To Net: NetName=MO1+ Pin=P10-2
Added Pin To Net: NetName=MO1+ Pin=P11-1
Added Pin To Net: NetName=MO1+ Pin=P11-2
Added Pin To Net: NetName=MO1+ Pin=P15-1
Added Pin To Net: NetName=MO1+ Pin=P15-2
Added Pin To Net: NetName=MO1+ Pin=P16-1
Added Pin To Net: NetName=MO1+ Pin=P16-2
Added Pin To Net: NetName=MO1+ Pin=R25-2
Added Pin To Net: NetName=MO1+ Pin=R26-1
Added Pin To Net: NetName=MO1+ Pin=R27-2
Added Pin To Net: NetName=MO1+ Pin=R28-1
Added Pin To Net: NetName=MO1+ Pin=U5-3
Added Pin To Net: NetName=MO1+ Pin=U6-3
Added Net: Name=MO1+
Added Pin To Net: NetName=MO1- Pin=P10-3
Added Pin To Net: NetName=MO1- Pin=P10-4
Added Pin To Net: NetName=MO1- Pin=P11-3
Added Pin To Net: NetName=MO1- Pin=P11-4
Added Pin To Net: NetName=MO1- Pin=U5-7
Added Pin To Net: NetName=MO1- Pin=U5-8
Added Net: Name=MO1-
Added Pin To Net: NetName=MO2+ Pin=P12-1
Added Pin To Net: NetName=MO2+ Pin=P12-2
Added Pin To Net: NetName=MO2+ Pin=U5-5
Added Pin To Net: NetName=MO2+ Pin=U5-6
Added Net: Name=MO2+
Added Pin To Net: NetName=MO3- Pin=P15-3
Added Pin To Net: NetName=MO3- Pin=P15-4
Added Pin To Net: NetName=MO3- Pin=P16-3
Added Pin To Net: NetName=MO3- Pin=P16-4
Added Pin To Net: NetName=MO3- Pin=U6-7
Added Pin To Net: NetName=MO3- Pin=U6-8
Added Net: Name=MO3-
Added Pin To Net: NetName=MO4+ Pin=P14-1
Added Pin To Net: NetName=MO4+ Pin=P14-2
Added Pin To Net: NetName=MO4+ Pin=P17-1
Added Pin To Net: NetName=MO4+ Pin=P17-2
Added Pin To Net: NetName=MO4+ Pin=U6-5
Added Pin To Net: NetName=MO4+ Pin=U6-6
Added Net: Name=MO4+
Added Pin To Net: NetName=MPU_AD0 Pin=R22-1
Added Pin To Net: NetName=MPU_AD0 Pin=U3-9
Added Net: Name=MPU_AD0
Added Pin To Net: NetName=MPU_CLKOUT Pin=U3-22
Added Net: Name=MPU_CLKOUT
Added Pin To Net: NetName=MPU_ES_CL Pin=U3-7
Added Net: Name=MPU_ES_CL
Added Pin To Net: NetName=MPU_ES_DA Pin=U3-6
Added Net: Name=MPU_ES_DA
Added Pin To Net: NetName=MPU_FSYNC Pin=U3-11
Added Net: Name=MPU_FSYNC
Added Pin To Net: NetName=MPU_INT Pin=U1-41
Added Pin To Net: NetName=MPU_INT Pin=U3-12
Added Net: Name=MPU_INT
Added Pin To Net: NetName=MPU_SCL Pin=J3-3
Added Pin To Net: NetName=MPU_SCL Pin=R23-2
Added Pin To Net: NetName=MPU_SCL Pin=U1-42
Added Pin To Net: NetName=MPU_SCL Pin=U3-23
Added Pin To Net: NetName=MPU_SCL Pin=U4-8
Added Net: Name=MPU_SCL
Added Pin To Net: NetName=MPU_SDA Pin=J3-2
Added Pin To Net: NetName=MPU_SDA Pin=R24-2
Added Pin To Net: NetName=MPU_SDA Pin=U1-43
Added Pin To Net: NetName=MPU_SDA Pin=U3-24
Added Pin To Net: NetName=MPU_SDA Pin=U4-7
Added Net: Name=MPU_SDA
Added Pin To Net: NetName=MPU_SDO Pin=U4-6
Added Net: Name=MPU_SDO
Added Pin To Net: NetName=NetC11_1 Pin=C11-1
Added Pin To Net: NetName=NetC11_1 Pin=U1-3
Added Pin To Net: NetName=NetC11_1 Pin=Y1-1
Added Net: Name=NetC11_1
Added Pin To Net: NetName=NetC12_1 Pin=C12-1
Added Pin To Net: NetName=NetC12_1 Pin=U1-4
Added Pin To Net: NetName=NetC12_1 Pin=Y1-2
Added Net: Name=NetC12_1
Added Pin To Net: NetName=NetC13_1 Pin=C13-1
Added Pin To Net: NetName=NetC13_1 Pin=U1-5
Added Pin To Net: NetName=NetC13_1 Pin=Y2-1
Added Net: Name=NetC13_1
Added Pin To Net: NetName=NetC14_1 Pin=C14-1
Added Pin To Net: NetName=NetC14_1 Pin=U1-6
Added Pin To Net: NetName=NetC14_1 Pin=Y2-2
Added Net: Name=NetC14_1
Added Pin To Net: NetName=NetC17_1 Pin=C17-1
Added Pin To Net: NetName=NetC17_1 Pin=U3-20
Added Net: Name=NetC17_1
Added Pin To Net: NetName=NetC19_1 Pin=C19-1
Added Pin To Net: NetName=NetC19_1 Pin=U3-10
Added Net: Name=NetC19_1
Added Pin To Net: NetName=NetC21_2 Pin=C21-2
Added Pin To Net: NetName=NetC21_2 Pin=U4-3
Added Net: Name=NetC21_2
Added Pin To Net: NetName=NetD1_1 Pin=D1-1
Added Pin To Net: NetName=NetD1_1 Pin=R2-2
Added Net: Name=NetD1_1
Added Pin To Net: NetName=NetD2_2 Pin=D2-2
Added Pin To Net: NetName=NetD2_2 Pin=R19-2
Added Net: Name=NetD2_2
Added Pin To Net: NetName=NetD3_2 Pin=D3-2
Added Pin To Net: NetName=NetD3_2 Pin=R20-2
Added Net: Name=NetD3_2
Added Pin To Net: NetName=NetJ1_2 Pin=J1-2
Added Pin To Net: NetName=NetJ1_2 Pin=R5-1
Added Net: Name=NetJ1_2
Added Pin To Net: NetName=NetR0_2 Pin=R0-2
Added Pin To Net: NetName=NetR0_2 Pin=U2-8
Added Net: Name=NetR0_2
Added Pin To Net: NetName=NetR4_2 Pin=R4-2
Added Pin To Net: NetName=NetR4_2 Pin=S1-2
Added Net: Name=NetR4_2
Added Pin To Net: NetName=NetR15_1 Pin=R15-1
Added Pin To Net: NetName=NetR15_1 Pin=R16-1
Added Pin To Net: NetName=NetR15_1 Pin=USB1-3
Added Net: Name=NetR15_1
Added Pin To Net: NetName=NetR17_1 Pin=R17-1
Added Pin To Net: NetName=NetR17_1 Pin=USB1-2
Added Net: Name=NetR17_1
Added Pin To Net: NetName=NRST Pin=C10-1
Added Pin To Net: NetName=NRST Pin=P1-10
Added Pin To Net: NetName=NRST Pin=R3-1
Added Pin To Net: NetName=NRST Pin=S1-1
Added Pin To Net: NetName=NRST Pin=U1-7
Added Net: Name=NRST
Added Pin To Net: NetName=SFR_MODE Pin=J3-4
Added Net: Name=SFR_MODE
Added Pin To Net: NetName=VBAT Pin=D4-2
Added Pin To Net: NetName=VBAT Pin=U1-1
Added Net: Name=VBAT
Added Pin To Net: NetName=VCC Pin=C1-1
Added Pin To Net: NetName=VCC Pin=J4-1
Added Pin To Net: NetName=VCC Pin=S3-2
Added Pin To Net: NetName=VCC Pin=S3-5
Added Pin To Net: NetName=VCC Pin=U2-3
Added Pin To Net: NetName=VCC Pin=U2-4
Added Net: Name=VCC
Added Pin To Net: NetName=VDDA Pin=C9-1
Added Pin To Net: NetName=VDDA Pin=L1-2
Added Pin To Net: NetName=VDDA Pin=U1-9
Added Net: Name=VDDA
Added Pin To Net: NetName=VIN Pin=P2-1
Added Pin To Net: NetName=VIN Pin=S3-3
Added Pin To Net: NetName=VIN Pin=S3-4
Added Net: Name=VIN
Added Pin To Net: NetName=VSSA Pin=C9-2
Added Pin To Net: NetName=VSSA Pin=R1-2
Added Pin To Net: NetName=VSSA Pin=U1-8
Added Net: Name=VSSA
Added Class: Name=Four-Axis
Added Room: Name=Four-Axis
