Added Component: Designator=P1(HDR2X10)
Added Component: Designator=P2(HDR2X5)
Added Component: Designator=P3(HDR2X10_CEN)
Added Component: Designator=P4(HDR2X10_CEN)
Added Component: Designator=P5(HDR2X10_CEN)
Added Pin To Net: NetName=3.3V Pin=P2-1
Added Pin To Net: NetName=3.3V Pin=P4-1
Added Pin To Net: NetName=3.3V Pin=P4-2
Added Pin To Net: NetName=3.3V Pin=P4-3
Added Pin To Net: NetName=3.3V Pin=P4-4
Added Pin To Net: NetName=3.3V Pin=P4-5
Added Pin To Net: NetName=3.3V Pin=P4-6
Added Pin To Net: NetName=3.3V Pin=P4-7
Added Pin To Net: NetName=3.3V Pin=P4-8
Added Pin To Net: NetName=3.3V Pin=P4-9
Added Pin To Net: NetName=3.3V Pin=P4-10
Added Pin To Net: NetName=3.3V Pin=P4-11
Added Pin To Net: NetName=3.3V Pin=P4-12
Added Pin To Net: NetName=3.3V Pin=P4-13
Added Pin To Net: NetName=3.3V Pin=P4-14
Added Pin To Net: NetName=3.3V Pin=P4-15
Added Pin To Net: NetName=3.3V Pin=P4-16
Added Pin To Net: NetName=3.3V Pin=P4-17
Added Pin To Net: NetName=3.3V Pin=P4-18
Added Pin To Net: NetName=3.3V Pin=P4-19
Added Pin To Net: NetName=3.3V Pin=P4-20
Added Net: Name=3.3V
Added Pin To Net: NetName=5V Pin=P1-19
Added Pin To Net: NetName=5V Pin=P3-1
Added Pin To Net: NetName=5V Pin=P3-2
Added Pin To Net: NetName=5V Pin=P3-3
Added Pin To Net: NetName=5V Pin=P3-4
Added Pin To Net: NetName=5V Pin=P3-5
Added Pin To Net: NetName=5V Pin=P3-6
Added Pin To Net: NetName=5V Pin=P3-7
Added Pin To Net: NetName=5V Pin=P3-8
Added Pin To Net: NetName=5V Pin=P3-9
Added Pin To Net: NetName=5V Pin=P3-10
Added Pin To Net: NetName=5V Pin=P3-11
Added Pin To Net: NetName=5V Pin=P3-12
Added Pin To Net: NetName=5V Pin=P3-13
Added Pin To Net: NetName=5V Pin=P3-14
Added Pin To Net: NetName=5V Pin=P3-15
Added Pin To Net: NetName=5V Pin=P3-16
Added Pin To Net: NetName=5V Pin=P3-17
Added Pin To Net: NetName=5V Pin=P3-18
Added Pin To Net: NetName=5V Pin=P3-19
Added Pin To Net: NetName=5V Pin=P3-20
Added Net: Name=5V
Added Pin To Net: NetName=DBGRQ Pin=P1-17
Added Net: Name=DBGRQ
Added Pin To Net: NetName=GND Pin=P1-4
Added Pin To Net: NetName=GND Pin=P1-6
Added Pin To Net: NetName=GND Pin=P1-8
Added Pin To Net: NetName=GND Pin=P1-10
Added Pin To Net: NetName=GND Pin=P1-12
Added Pin To Net: NetName=GND Pin=P1-14
Added Pin To Net: NetName=GND Pin=P1-16
Added Pin To Net: NetName=GND Pin=P1-18
Added Pin To Net: NetName=GND Pin=P1-20
Added Pin To Net: NetName=GND Pin=P2-3
Added Pin To Net: NetName=GND Pin=P2-5
Added Pin To Net: NetName=GND Pin=P5-1
Added Pin To Net: NetName=GND Pin=P5-2
Added Pin To Net: NetName=GND Pin=P5-3
Added Pin To Net: NetName=GND Pin=P5-4
Added Pin To Net: NetName=GND Pin=P5-5
Added Pin To Net: NetName=GND Pin=P5-6
Added Pin To Net: NetName=GND Pin=P5-7
Added Pin To Net: NetName=GND Pin=P5-8
Added Pin To Net: NetName=GND Pin=P5-9
Added Pin To Net: NetName=GND Pin=P5-10
Added Pin To Net: NetName=GND Pin=P5-11
Added Pin To Net: NetName=GND Pin=P5-12
Added Pin To Net: NetName=GND Pin=P5-13
Added Pin To Net: NetName=GND Pin=P5-14
Added Pin To Net: NetName=GND Pin=P5-15
Added Pin To Net: NetName=GND Pin=P5-16
Added Pin To Net: NetName=GND Pin=P5-17
Added Pin To Net: NetName=GND Pin=P5-18
Added Pin To Net: NetName=GND Pin=P5-19
Added Pin To Net: NetName=GND Pin=P5-20
Added Net: Name=GND
Added Pin To Net: NetName=JNRST Pin=P1-3
Added Pin To Net: NetName=JNRST Pin=P2-9
Added Net: Name=JNRST
Added Pin To Net: NetName=JTCK Pin=P1-9
Added Pin To Net: NetName=JTCK Pin=P2-4
Added Net: Name=JTCK
Added Pin To Net: NetName=JTDI Pin=P1-5
Added Pin To Net: NetName=JTDI Pin=P2-8
Added Net: Name=JTDI
Added Pin To Net: NetName=JTDO Pin=P1-13
Added Pin To Net: NetName=JTDO Pin=P2-6
Added Net: Name=JTDO
Added Pin To Net: NetName=JTMS Pin=P1-7
Added Pin To Net: NetName=JTMS Pin=P2-2
Added Net: Name=JTMS
Added Pin To Net: NetName=RESET Pin=P1-15
Added Pin To Net: NetName=RESET Pin=P2-10
Added Net: Name=RESET
Added Pin To Net: NetName=RTCK Pin=P1-11
Added Net: Name=RTCK
Added Pin To Net: NetName=VSUPPLY Pin=P1-2
Added Net: Name=VSUPPLY
Added Pin To Net: NetName=VTREF Pin=P1-1
Added Net: Name=VTREF
Added Class: Name=PinBoardJTAG20_10
Added Room: Name=PinBoardJTAG20_10
