Removed Pin From Net: NetName=GND Pin=P6-1
Removed Pin From Net: NetName=VIN Pin=P6-2
Removed Member From Class: ClassName=PinBoardJTAG20_10 Member=P6
Added Component: Designator=LED1(LED-1)
Added Component: Designator=LED2(LED-1)
Added Component: Designator=LED3(LED-1)
Added Component: Designator=R1(6-0805_N)
Added Component: Designator=R2(6-0805_N)
Added Component: Designator=R3(6-0805_N)
Added Component: Designator=USB1(MICROUSB_D2S6)
Added Pin To Net: NetName=GND Pin=LED1-2
Added Pin To Net: NetName=GND Pin=LED2-2
Added Pin To Net: NetName=GND Pin=LED3-2
Added Pin To Net: NetName=GND Pin=P1-6
Added Pin To Net: NetName=VIN Pin=R1-1
Added Pin To Net: NetName=5V Pin=R2-1
Added Pin To Net: NetName=3.3V Pin=R3-1
Added Pin To Net: NetName=5V Pin=USB1-1
Added Pin To Net: NetName=GND Pin=USB1-4
Added Pin To Net: NetName=GND Pin=USB1-5
Added Pin To Net: NetName=GND Pin=USB1-6
Added Pin To Net: NetName=GND Pin=USB1-6
Added Pin To Net: NetName=GND Pin=USB1-6
Added Pin To Net: NetName=GND Pin=USB1-6
Added Pin To Net: NetName=GND Pin=USB1-6
Added Pin To Net: NetName=GND Pin=USB1-6
Added Pin To Net: NetName=GND Pin=USB1-6
Added Pin To Net: NetName=GND Pin=USB1-6
Added Pin To Net: NetName=GND Pin=USB1-6
Added Pin To Net: NetName=NetLED1_1 Pin=LED1-1
Added Pin To Net: NetName=NetLED1_1 Pin=R1-2
Added Net: Name=NetLED1_1
Added Pin To Net: NetName=NetLED2_1 Pin=LED2-1
Added Pin To Net: NetName=NetLED2_1 Pin=R2-2
Added Net: Name=NetLED2_1
Added Pin To Net: NetName=NetLED3_1 Pin=LED3-1
Added Pin To Net: NetName=NetLED3_1 Pin=R3-2
Added Net: Name=NetLED3_1
Added Member To Class: ClassName=PinBoardJTAG20_10 Member=Component LED1
Added Member To Class: ClassName=PinBoardJTAG20_10 Member=Component LED2 LED1
Added Member To Class: ClassName=PinBoardJTAG20_10 Member=Component LED3 LED1
Added Member To Class: ClassName=PinBoardJTAG20_10 Member=Component R1 Res3
Added Member To Class: ClassName=PinBoardJTAG20_10 Member=Component R2 Res3
Added Member To Class: ClassName=PinBoardJTAG20_10 Member=Component R3 Res3
Added Member To Class: ClassName=PinBoardJTAG20_10 Member=Component U1 AMS1117-3.3
Added Member To Class: ClassName=PinBoardJTAG20_10 Member=Component U2 AMS1117-5.0
Added Member To Class: ClassName=PinBoardJTAG20_10 Member=Component USB1 USB
Added Room: Name=PinBoardJTAG20_10
